2018-01-09 11:25:34,713 - __main__ - INFO - {'date': '18/01/09,11:25:06+22', 'message': 'N', 'number': '+918610378739'}
2018-01-09 11:28:27,017 - __main__ - INFO - Message Received From +918610378739 at 18/01/09,11:28:01+22 , Content is Testing
2018-01-09 13:42:32,353 - __main__ - INFO - Message Received From +918610378739 at 18/01/09,13:40:41+22 , Content is PASSWORD RESET
2018-01-09 13:43:57,806 - __main__ - INFO - Message Received From +918610378739 at 18/01/09,13:43:35+22 , Content is PASSWORD RESET
2018-01-09 13:45:17,530 - __main__ - INFO - Message Received From +918610378739 at 18/01/09,13:44:51+22 , Content is PASSWORD RESET
2018-01-09 13:46:35,027 - __main__ - INFO - Message Received From +918610378739 at 18/01/09,13:46:15+22 , Content is PASSWORD RESET
2018-01-09 13:47:53,461 - __main__ - INFO - Message Received From +918610378739 at 18/01/09,13:47:29+22 , Content is PASSWORD RESET
2018-01-09 13:52:20,457 - __main__ - INFO - Message Received From +918610378739 at 18/01/09,13:51:54+22 , Content is PASSWORD RESET
2018-01-09 13:54:12,389 - __main__ - INFO - Message Received From +918610378739 at 18/01/09,13:53:51+22 , Content is PASSWORD RESET
2018-01-09 13:56:53,891 - __main__ - INFO - Message Received From +918610378739 at 18/01/09,13:56:28+22 , Content is PASSWORD RESET
2018-01-09 14:26:02,108 - __main__ - INFO - Message Received From +918610378739 at 18/01/09,14:25:47+22 , Content is PASSWORD RESET
2018-01-09 14:31:56,376 - __main__ - INFO - Message Received From +918610378739 at 2018-01-09 14:31:35 , Content is PASSWORD RESET
2018-01-09 14:35:29,058 - __main__ - INFO - Message Received From +918610378739 at 2018-01-09 14:35:03 , Content is PASSWORD RESET
2018-01-09 14:42:06,579 - __main__ - INFO - Message Received From +918610378739 at 2018-01-09 14:41:45 , Content is PASSWORD RESET
2018-01-09 14:49:33,026 - __main__ - INFO - Message Received From +918610378739 at 2018-01-09 14:49:07 , Content is PASSWORD RESET
2018-01-09 15:01:07,173 - __main__ - INFO - Message Received From +918610378739 at 2018-01-09 15:00:46 , Content is PASSWORD RESET
2018-01-09 15:43:48,063 - __main__ - INFO - Message Received From +918610378739 at 18/01/09,15:43:21+22 , Content is PASSWORD RESET
2018-01-09 15:51:53,652 - __main__ - INFO - Message Received From +918610378739 at 18/01/09,15:51:26+22 , Content is PASSWORD RESET
2018-01-09 15:53:02,085 - __main__ - INFO - Message Received From +918610378739 at 18/01/09,15:52:39+22 , Content is PASSWORD RESET
2018-01-09 16:26:29,652 - __main__ - INFO - Message Received From +918610378739 at 18/01/09,16:26:11+22 , Content is PASSWORD RESET
2018-01-09 17:07:57,242 - __main__ - INFO - Message Received From +918667265185 at 18/01/09,16:32:10+22 , Content is UNLOCKACR
2018-01-09 17:07:57,242 - __main__ - INFO - Message Received From +919840175445 at 18/01/09,16:35:04+22 , Content is PASSRESET
2018-01-09 17:07:57,242 - __main__ - INFO - Message Received From +918667265185 at 18/01/09,16:59:16+22 , Content is PASSWORD RESET
2018-01-09 17:07:57,276 - __main__ - INFO - {"_index":"password_reset","_type":"request","_id":"AWDataRkgW_D70hxd7UE","_version":1,"result":"created","_shards":{"total":2,"successful":1,"failed":0},"created":true} for {'date': '18/01/09,16:59:16+22', 'timestamp': datetime.datetime(2018, 1, 9, 16, 59, 16, tzinfo=<DstTzInfo 'Asia/Kolkata' IST+5:30:00 STD>), 'message': 'PASSWORD RESET', 'number': '+918667265185'}
2018-01-09 17:36:43,243 - __main__ - INFO - Message Received From +918610378739 at 18/01/09,17:27:05+22 , Content is PASSWORD RESET
2018-01-09 17:36:43,282 - __main__ - INFO - {"_index":"password_reset","_type":"request","_id":"AWDaz_gDgW_D70hxd7UG","_version":1,"result":"created","_shards":{"total":2,"successful":1,"failed":0},"created":true} for {'date': '18/01/09,17:27:05+22', 'timestamp': datetime.datetime(2018, 1, 9, 17, 27, 5, tzinfo=<DstTzInfo 'Asia/Kolkata' IST+5:30:00 STD>), 'message': 'PASSWORD RESET', 'number': '+918610378739'}
2018-01-09 17:36:43,283 - __main__ - INFO - Message Received From +918610378739 at 18/01/09,17:20:50+22 , Content is PASSWORD RESET
2018-01-09 17:36:43,298 - __main__ - INFO - {"_index":"password_reset","_type":"request","_id":"AWDaz_gagW_D70hxd7UH","_version":1,"result":"created","_shards":{"total":2,"successful":1,"failed":0},"created":true} for {'date': '18/01/09,17:20:50+22', 'timestamp': datetime.datetime(2018, 1, 9, 17, 20, 50, tzinfo=<DstTzInfo 'Asia/Kolkata' IST+5:30:00 STD>), 'message': 'PASSWORD RESET', 'number': '+918610378739'}
2018-01-09 17:36:43,298 - __main__ - INFO - Message Received From +918667265185 at 18/01/09,17:25:43+22 , Content is PASSWORD RESET
2018-01-09 17:36:43,315 - __main__ - INFO - {"_index":"password_reset","_type":"request","_id":"AWDaz_gqgW_D70hxd7UI","_version":1,"result":"created","_shards":{"total":2,"successful":1,"failed":0},"created":true} for {'date': '18/01/09,17:25:43+22', 'timestamp': datetime.datetime(2018, 1, 9, 17, 25, 43, tzinfo=<DstTzInfo 'Asia/Kolkata' IST+5:30:00 STD>), 'message': 'PASSWORD RESET', 'number': '+918667265185'}
2018-01-09 17:36:50,338 - __main__ - INFO - Message Received From +918610378739 at 18/01/09,17:36:30+22 , Content is PASSWORD RESET
2018-01-09 17:36:50,364 - __main__ - INFO - {"_index":"password_reset","_type":"request","_id":"AWDa0BOtgW_D70hxd7UJ","_version":1,"result":"created","_shards":{"total":2,"successful":1,"failed":0},"created":true} for {'date': '18/01/09,17:36:30+22', 'timestamp': datetime.datetime(2018, 1, 9, 17, 36, 30, tzinfo=<DstTzInfo 'Asia/Kolkata' IST+5:30:00 STD>), 'message': 'PASSWORD RESET', 'number': '+918610378739'}
2018-01-09 17:37:30,827 - __main__ - INFO - Message Received From +919840175445 at 18/01/09,17:27:44+22 , Content is PASSWORD RESET
2018-01-09 17:37:30,847 - __main__ - INFO - {"_index":"password_reset","_type":"request","_id":"AWDa0LHVgW_D70hxd7UK","_version":1,"result":"created","_shards":{"total":2,"successful":1,"failed":0},"created":true} for {'date': '18/01/09,17:27:44+22', 'timestamp': datetime.datetime(2018, 1, 9, 17, 27, 44, tzinfo=<DstTzInfo 'Asia/Kolkata' IST+5:30:00 STD>), 'message': 'PASSWORD RESET', 'number': '+919840175445'}
2018-01-18 13:11:29,718 - __main__ - INFO - Message Received From +918610378739 at 18/01/18,13:11:16+22 , Content is PASSWORD  RESET
2018-01-18 13:13:24,939 - __main__ - INFO - Message Received From +918610378739 at 18/01/18,13:13:11+22 , Content is PASSWORD RESET
2018-01-18 13:13:24,983 - __main__ - INFO - {"_index":"password_reset","_type":"request","_id":"AWEIN8TZgW_D70hxd7Yl","_version":1,"result":"created","_shards":{"total":2,"successful":1,"failed":0},"created":true} for {'date': '18/01/18,13:13:11+22', 'timestamp': datetime.datetime(2018, 1, 18, 13, 13, 11, tzinfo=<DstTzInfo 'Asia/Kolkata' IST+5:30:00 STD>), 'message': 'PASSWORD RESET', 'number': '+918610378739'}
2018-01-18 13:19:23,702 - __main__ - INFO - Message Received From +918610378739 at 18/01/18,13:19:09+22 , Content is PASSWORD RESET
2018-01-18 13:20:19,096 - __main__ - INFO - Message Received From +918610378739 at 18/01/18,13:20:05+22 , Content is PASSWORD RESET
2018-01-18 13:20:19,107 - __main__ - INFO - No handler found for uri [/password_reset/request/18/01/18,13:20:05+22+918610378739] and method [PUT] for {'date': '18/01/18,13:20:05+22', 'timestamp': datetime.datetime(2018, 1, 18, 13, 20, 5, tzinfo=<DstTzInfo 'Asia/Kolkata' IST+5:30:00 STD>), 'message': 'PASSWORD RESET', 'status': 'new', 'number': '+918610378739'}
2018-01-18 13:22:14,130 - __main__ - INFO - Message Received From +918610378739 at 18/01/18,13:21:56+22 , Content is PASSWORD RESET
2018-01-18 13:22:14,323 - __main__ - INFO - {"_index":"password_reset","_type":"request","_id":"2018-01-18 13:21:56 05:30 918610378739","_version":1,"result":"created","_shards":{"total":2,"successful":1,"failed":0},"created":true} for {'date': '18/01/18,13:21:56+22', 'timestamp': datetime.datetime(2018, 1, 18, 13, 21, 56, tzinfo=<DstTzInfo 'Asia/Kolkata' IST+5:30:00 STD>), 'message': 'PASSWORD RESET', 'status': 'new', 'number': '+918610378739'}
2018-01-18 13:25:02,970 - __main__ - INFO - Message Received From +918610378739 at 18/01/18,13:24:46+22 , Content is PASSWORD RESET
2018-01-18 13:25:02,980 - __main__ - INFO - No handler found for uri [/password_reset/request/18/01/18,13:24:46+22+918610378739] and method [PUT] for {'date': '18/01/18,13:24:46+22', 'timestamp': datetime.datetime(2018, 1, 18, 13, 24, 46, tzinfo=<DstTzInfo 'Asia/Kolkata' IST+5:30:00 STD>), 'message': 'PASSWORD RESET', 'status': 'new', 'number': '+918610378739'}
2018-01-18 13:25:56,480 - __main__ - INFO - Message Received From +918610378739 at 18/01/18,13:25:38+22 , Content is PASSWORD RESET
2018-01-18 13:25:56,517 - __main__ - INFO - {"_index":"password_reset","_type":"request","_id":"2018-01-18 13:25:38 05:30 918610378739","_version":1,"result":"created","_shards":{"total":2,"successful":1,"failed":0},"created":true} for {'date': '18/01/18,13:25:38+22', 'timestamp': datetime.datetime(2018, 1, 18, 13, 25, 38, tzinfo=<DstTzInfo 'Asia/Kolkata' IST+5:30:00 STD>), 'message': 'PASSWORD RESET', 'status': 'new', 'number': '+918610378739'}
2018-01-18 14:20:48,556 - __main__ - INFO - Message Received From +918610378739 at 18/01/18,14:20:38+22 , Content is PASSWORD RESET
2018-01-18 14:20:48,744 - __main__ - INFO - {"_index":"password_reset","_type":"request","_id":"2018-01-18 14:20:38 05:30 918610378739","_version":1,"result":"created","_shards":{"total":2,"successful":1,"failed":0},"created":true} for {'date': '18/01/18,14:20:38+22', 'timestamp': datetime.datetime(2018, 1, 18, 14, 20, 38, tzinfo=<DstTzInfo 'Asia/Kolkata' IST+5:30:00 STD>), 'message': 'PASSWORD RESET', 'status': 'new', 'number': '+918610378739'}
2018-01-18 18:37:27,838 - __main__ - INFO - Message Received From +918610378739 at 18/01/18,18:32:30+22 , Content is PASSWORD RESET
2018-01-18 18:37:27,865 - __main__ - INFO - {"_index":"password_reset","_type":"request","_id":"2018-01-18 18:32:30 05:30 918610378739","_version":1,"result":"created","_shards":{"total":2,"successful":1,"failed":0},"created":true} for {'date': '18/01/18,18:32:30+22', 'timestamp': datetime.datetime(2018, 1, 18, 18, 32, 30, tzinfo=<DstTzInfo 'Asia/Kolkata' IST+5:30:00 STD>), 'message': 'PASSWORD RESET', 'status': 'new', 'number': '+918610378739'}
2018-01-18 18:37:43,904 - __main__ - INFO - Message Received From +918610378739 at 18/01/18,18:37:27+22 , Content is PASSWORD RESET
2018-01-18 18:37:43,930 - __main__ - INFO - {"_index":"password_reset","_type":"request","_id":"2018-01-18 18:37:27 05:30 918610378739","_version":1,"result":"created","_shards":{"total":2,"successful":1,"failed":0},"created":true} for {'date': '18/01/18,18:37:27+22', 'timestamp': datetime.datetime(2018, 1, 18, 18, 37, 27, tzinfo=<DstTzInfo 'Asia/Kolkata' IST+5:30:00 STD>), 'message': 'PASSWORD RESET', 'status': 'new', 'number': '+918610378739'}
2018-01-19 10:45:14,866 - __main__ - INFO - Message Received From 658445545348485148 at 18/01/19,10:45:07+22 , Content is AIRTEL UPDATE! INSERT YOUR AIRTEL SIM IN 4G HANDSET TO ENJOY 4G INTERNET ON INDIA'S FASTEST MOBILE NETWORK.
2018-01-19 12:51:53,826 - __main__ - INFO - Message Received From +918610378739 at 18/01/19,12:51:39+22 , Content is PASSWORD RESET
2018-01-19 12:51:54,010 - __main__ - INFO - {"_index":"password_reset","_type":"request","_id":"2018-01-19 12:51:39 05:30 918610378739","_version":1,"result":"created","_shards":{"total":2,"successful":1,"failed":0},"created":true} for {'date': '18/01/19,12:51:39+22', 'timestamp': datetime.datetime(2018, 1, 19, 12, 51, 39, tzinfo=<DstTzInfo 'Asia/Kolkata' IST+5:30:00 STD>), 'message': 'PASSWORD RESET', 'status': 'new', 'number': '+918610378739'}
2018-01-19 14:12:50,730 - __main__ - INFO - Message Received From 8610378739 at 18/01/19,14:12:36+22 , Content is PASSWORD RESET
2018-01-19 14:12:50,850 - __main__ - INFO - {"_index":"password_reset","_type":"request","_id":"2018-01-19 14:12:36 05:308610378739","_version":1,"result":"created","_shards":{"total":2,"successful":1,"failed":0},"created":true} for {'date': '18/01/19,14:12:36+22', 'timestamp': datetime.datetime(2018, 1, 19, 14, 12, 36, tzinfo=<DstTzInfo 'Asia/Kolkata' IST+5:30:00 STD>), 'message': 'PASSWORD RESET', 'status': 'new', 'number': '8610378739'}
2018-01-19 14:18:24,712 - __main__ - INFO - Message Received From 8610378739 at 18/01/19,14:18:06+22 , Content is PASSWORD RESET
2018-01-19 14:18:24,765 - __main__ - INFO - {"_index":"password_reset","_type":"request","_id":"2018-01-19 14:18:06 05:308610378739","_version":1,"result":"created","_shards":{"total":2,"successful":1,"failed":0},"created":true} for {'date': '18/01/19,14:18:06+22', 'timestamp': datetime.datetime(2018, 1, 19, 14, 18, 6, tzinfo=<DstTzInfo 'Asia/Kolkata' IST+5:30:00 STD>), 'message': 'PASSWORD RESET', 'status': 'new', 'number': '8610378739'}
2018-01-19 14:19:56,997 - __main__ - INFO - Message Received From 8610378739 at 18/01/19,14:19:44+22 , Content is PASSWORD RESET
2018-01-19 14:19:57,020 - __main__ - INFO - {"_index":"password_reset","_type":"request","_id":"2018-01-19 14:19:44 05:308610378739","_version":1,"result":"created","_shards":{"total":2,"successful":1,"failed":0},"created":true} for {'date': '18/01/19,14:19:44+22', 'timestamp': datetime.datetime(2018, 1, 19, 14, 19, 44, tzinfo=<DstTzInfo 'Asia/Kolkata' IST+5:30:00 STD>), 'message': 'PASSWORD RESET', 'status': 'new', 'number': '8610378739'}
